Traceback (most recent call last):
  File "D:\PYTHON\Kivy\kivyproject\main.py", line 36, in <module>
    KivyMDApp().run()
  File "d:\PYTHON\Kivy\.kivy_compiled\lib\site-packages\kivy\app.py", line 950, in run
    runTouchApp()
  File "d:\PYTHON\Kivy\.kivy_compiled\lib\site-packages\kivy\base.py", line 582, in runTouchApp
    EventLoop.mainloop()
  File "d:\PYTHON\Kivy\.kivy_compiled\lib\site-packages\kivy\base.py", line 347, in mainloop
    self.idle()
  File "d:\PYTHON\Kivy\.kivy_compiled\lib\site-packages\kivy\base.py", line 391, in idle
    self.dispatch_input()
  File "d:\PYTHON\Kivy\.kivy_compiled\lib\site-packages\kivy\base.py", line 342, in dispatch_input
    post_dispatch_input(*pop(0))
  File "d:\PYTHON\Kivy\.kivy_compiled\lib\site-packages\kivy\base.py", line 308, in post_dispatch_input
    wid.dispatch('on_touch_up', me)
  File "kivy\_event.pyx", line 709, in kivy._event.EventDispatcher.dispatch
  File "d:\PYTHON\Kivy\.kivy_compiled\lib\site-packages\kivymd\uix\behaviors\ripple_behavior.py", line 296, in on_touch_up
    return super().on_touch_up(touch)
  File "d:\PYTHON\Kivy\.kivy_compiled\lib\site-packages\kivymd\uix\button.py", line 981, in on_touch_up
    return super().on_touch_up(touch)
  File "d:\PYTHON\Kivy\.kivy_compiled\lib\site-packages\kivy\uix\behaviors\button.py", line 179, in on_touch_up
    self.dispatch('on_release')
  File "kivy\_event.pyx", line 705, in kivy._event.EventDispatcher.dispatch
  File "kivy\_event.pyx", line 1248, in kivy._event.EventObservers.dispatch
  File "kivy\_event.pyx", line 1172, in kivy._event.EventObservers._dispatch
  File "D:\PYTHON\Kivy\kivyproject\libs\uix\baseclass\admin_screen.py", line 124, in delete_now
    db.get_delete_product_byCategory_Id(self.category.id)
AttributeError: 'MyDatabase' object has no attribute 'get_delete_product_byCategory_Id'
